<?xml version="1.0" encoding="UTF-8" ?>
<testsuite tests="1" failures="0" name="com.jing.mybatis.MBGTest" time="0.419" errors="1" skipped="0">
  <properties>
[...]
</properties>
  <testcase classname="com.jing.mybatis.MBGTest" name="testMBG" time="0.419">
    <error message="
### Error building SqlSession.
### The error may exist in com.jing.mybatis.mapper
### Cause: org.apache.ibatis.builder.BuilderException: Error parsing SQL Mapper Configuration. Cause: java.io.IOException: Could not find resource com.jing.mybatis.mapper" type="org.apache.ibatis.exceptions.PersistenceException">org.apache.ibatis.exceptions.PersistenceException: 
### Error building SqlSession.
### The error may exist in com.jing.mybatis.mapper
### Cause: org.apache.ibatis.builder.BuilderException: Error parsing SQL Mapper Configuration. Cause: java.io.IOException: Could not find resource com.jing.mybatis.mapper
	at org.apache.ibatis.exceptions.ExceptionFactory.wrapException(ExceptionFactory.java:30)
	at org.apache.ibatis.session.SqlSessionFactoryBuilder.build(SqlSessionFactoryBuilder.java:80)
	at org.apache.ibatis.session.SqlSessionFactoryBuilder.build(SqlSessionFactoryBuilder.java:64)
	at com.jing.mybatis.MBGTest.testMBG(MBGTest.java:24)
	at sun.reflect.NativeMethodAccessorImpl.invoke0(Native Method)
	at sun.reflect.NativeMethodAccessorImpl.invoke(NativeMethodAccessorImpl.java:62)
	at sun.reflect.DelegatingMethodAccessorImpl.invoke(DelegatingMethodAccessorImpl.java:43)
	at java.lang.reflect.Method.invoke(Method.java:498)
	at org.junit.runners.model.FrameworkMethod$1.runReflectiveCall(FrameworkMethod.java:59)
	at org.junit.internal.runners.model.ReflectiveCallable.run(ReflectiveCallable.java:12)
	at org.junit.runners.model.FrameworkMethod.invokeExplosively(FrameworkMethod.java:56)
	at org.junit.internal.runners.statements.InvokeMethod.evaluate(InvokeMethod.java:17)
	at org.junit.runners.ParentRunner$3.evaluate(ParentRunner.java:306)
	at org.junit.runners.BlockJUnit4ClassRunner$1.evaluate(BlockJUnit4ClassRunner.java:100)
	at org.junit.runners.ParentRunner.runLeaf(ParentRunner.java:366)
	at org.junit.runners.BlockJUnit4ClassRunner.runChild(BlockJUnit4ClassRunner.java:103)
	at org.junit.runners.BlockJUnit4ClassRunner.runChild(BlockJUnit4ClassRunner.java:63)
	at org.junit.runners.ParentRunner$4.run(ParentRunner.java:331)
	at org.junit.runners.ParentRunner$1.schedule(ParentRunner.java:79)
	at org.junit.runners.ParentRunner.runChildren(ParentRunner.java:329)
	at org.junit.runners.ParentRunner.access$100(ParentRunner.java:66)
	at org.junit.runners.ParentRunner$2.evaluate(ParentRunner.java:293)
	at org.junit.runners.ParentRunner$3.evaluate(ParentRunner.java:306)
	at org.junit.runners.ParentRunner.run(ParentRunner.java:413)
	at org.apache.maven.surefire.junit4.JUnit4Provider.execute(JUnit4Provider.java:252)
	at org.apache.maven.surefire.junit4.JUnit4Provider.executeTestSet(JUnit4Provider.java:141)
	at org.apache.maven.surefire.junit4.JUnit4Provider.invoke(JUnit4Provider.java:112)
	at sun.reflect.NativeMethodAccessorImpl.invoke0(Native Method)
	at sun.reflect.NativeMethodAccessorImpl.invoke(NativeMethodAccessorImpl.java:62)
	at sun.reflect.DelegatingMethodAccessorImpl.invoke(DelegatingMethodAccessorImpl.java:43)
	at java.lang.reflect.Method.invoke(Method.java:498)
	at org.apache.maven.surefire.util.ReflectionUtils.invokeMethodWithArray(ReflectionUtils.java:189)
	at org.apache.maven.surefire.booter.ProviderFactory$ProviderProxy.invoke(ProviderFactory.java:165)
	at org.apache.maven.surefire.booter.ProviderFactory.invokeProvider(ProviderFactory.java:85)
	at org.apache.maven.surefire.booter.ForkedBooter.runSuitesInProcess(ForkedBooter.java:115)
	at org.apache.maven.surefire.booter.ForkedBooter.main(ForkedBooter.java:75)
Caused by: org.apache.ibatis.builder.BuilderException: Error parsing SQL Mapper Configuration. Cause: java.io.IOException: Could not find resource com.jing.mybatis.mapper
	at org.apache.ibatis.builder.xml.XMLConfigBuilder.parseConfiguration(XMLConfigBuilder.java:122)
	at org.apache.ibatis.builder.xml.XMLConfigBuilder.parse(XMLConfigBuilder.java:99)
	at org.apache.ibatis.session.SqlSessionFactoryBuilder.build(SqlSessionFactoryBuilder.java:78)
	... 34 more
Caused by: java.io.IOException: Could not find resource com.jing.mybatis.mapper
	at org.apache.ibatis.io.Resources.getResourceAsStream(Resources.java:114)
	at org.apache.ibatis.io.Resources.getResourceAsStream(Resources.java:100)
	at org.apache.ibatis.builder.xml.XMLConfigBuilder.mapperElement(XMLConfigBuilder.java:377)
	at org.apache.ibatis.builder.xml.XMLConfigBuilder.parseConfiguration(XMLConfigBuilder.java:120)
	... 36 more
</error>
    <system-out>11:44:45,179 |-INFO in ch.qos.logback.classic.LoggerContext[default] - Could NOT find resource [logback-test.xml]
11:44:45,179 |-INFO in ch.qos.logback.classic.LoggerContext[default] - Found resource [logback.xml] at [file:/D:/IntelliJ%20IDEA%202021.3.2/workspace/Mybatis_MBG/target/classes/logback.xml]
11:44:45,235 |-INFO in ch.qos.logback.classic.joran.action.ConfigurationAction - Will scan for changes in [file:/D:/IntelliJ%20IDEA%202021.3.2/workspace/Mybatis_MBG/target/classes/logback.xml] 
11:44:45,235 |-INFO in ch.qos.logback.classic.joran.action.ConfigurationAction - Setting ReconfigureOnChangeTask scanning period to 1 minutes
11:44:45,238 |-INFO in ch.qos.logback.core.joran.action.AppenderAction - About to instantiate appender of type [ch.qos.logback.core.ConsoleAppender]
11:44:45,240 |-INFO in ch.qos.logback.core.joran.action.AppenderAction - Naming appender as [consoleLog]
11:44:45,263 |-WARN in ch.qos.logback.core.ConsoleAppender[consoleLog] - This appender no longer admits a layout as a sub-component, set an encoder instead.
11:44:45,263 |-WARN in ch.qos.logback.core.ConsoleAppender[consoleLog] - To ensure compatibility, wrapping your layout in LayoutWrappingEncoder.
11:44:45,263 |-WARN in ch.qos.logback.core.ConsoleAppender[consoleLog] - See also http://logback.qos.ch/codes.html#layoutInsteadOfEncoder for details
11:44:45,264 |-INFO in ch.qos.logback.core.joran.action.AppenderAction - About to instantiate appender of type [ch.qos.logback.core.rolling.RollingFileAppender]
11:44:45,267 |-INFO in ch.qos.logback.core.joran.action.AppenderAction - Naming appender as [fileInfoLog]
11:44:45,268 |-INFO in ch.qos.logback.core.joran.action.NestedComplexPropertyIA - Assuming default type [ch.qos.logback.classic.encoder.PatternLayoutEncoder] for [encoder] property
11:44:45,274 |-INFO in c.q.l.core.rolling.TimeBasedRollingPolicy@1607305514 - No compression will be used
11:44:45,276 |-INFO in c.q.l.core.rolling.TimeBasedRollingPolicy@1607305514 - Will use the pattern d:/test_log/info/%d.log for the active file
11:44:45,279 |-INFO in c.q.l.core.rolling.DefaultTimeBasedFileNamingAndTriggeringPolicy - The date pattern is &apos;yyyy-MM-dd&apos; from file name pattern &apos;d:/test_log/info/%d.log&apos;.
11:44:45,279 |-INFO in c.q.l.core.rolling.DefaultTimeBasedFileNamingAndTriggeringPolicy - Roll-over at midnight.
11:44:45,282 |-INFO in c.q.l.core.rolling.DefaultTimeBasedFileNamingAndTriggeringPolicy - Setting initial period to Tue Mar 22 11:44:45 CST 2022
11:44:45,283 |-INFO in ch.qos.logback.core.rolling.RollingFileAppender[fileInfoLog] - Active log file name: d:/test_log/info/2022-03-22.log
11:44:45,283 |-INFO in ch.qos.logback.core.rolling.RollingFileAppender[fileInfoLog] - File property is set to [null]
11:44:45,284 |-INFO in ch.qos.logback.core.joran.action.AppenderAction - About to instantiate appender of type [ch.qos.logback.core.rolling.RollingFileAppender]
11:44:45,284 |-INFO in ch.qos.logback.core.joran.action.AppenderAction - Naming appender as [fileErrorLog]
11:44:45,286 |-INFO in ch.qos.logback.core.joran.action.NestedComplexPropertyIA - Assuming default type [ch.qos.logback.classic.encoder.PatternLayoutEncoder] for [encoder] property
11:44:45,287 |-INFO in c.q.l.core.rolling.TimeBasedRollingPolicy@450003680 - No compression will be used
11:44:45,287 |-INFO in c.q.l.core.rolling.TimeBasedRollingPolicy@450003680 - Will use the pattern d:/test_log/error/%d.log for the active file
11:44:45,288 |-INFO in c.q.l.core.rolling.DefaultTimeBasedFileNamingAndTriggeringPolicy - The date pattern is &apos;yyyy-MM-dd&apos; from file name pattern &apos;d:/test_log/error/%d.log&apos;.
11:44:45,288 |-INFO in c.q.l.core.rolling.DefaultTimeBasedFileNamingAndTriggeringPolicy - Roll-over at midnight.
11:44:45,288 |-INFO in c.q.l.core.rolling.DefaultTimeBasedFileNamingAndTriggeringPolicy - Setting initial period to Tue Mar 22 11:44:45 CST 2022
11:44:45,289 |-INFO in ch.qos.logback.core.rolling.RollingFileAppender[fileErrorLog] - Active log file name: d:/test_log/error/2022-03-22.log
11:44:45,289 |-INFO in ch.qos.logback.core.rolling.RollingFileAppender[fileErrorLog] - File property is set to [null]
11:44:45,289 |-INFO in ch.qos.logback.classic.joran.action.RootLoggerAction - Setting level of ROOT logger to DEBUG
11:44:45,290 |-INFO in ch.qos.logback.core.joran.action.AppenderRefAction - Attaching appender named [consoleLog] to Logger[ROOT]
11:44:45,291 |-INFO in ch.qos.logback.core.joran.action.AppenderRefAction - Attaching appender named [fileInfoLog] to Logger[ROOT]
11:44:45,291 |-INFO in ch.qos.logback.core.joran.action.AppenderRefAction - Attaching appender named [fileErrorLog] to Logger[ROOT]
11:44:45,291 |-INFO in ch.qos.logback.classic.joran.action.ConfigurationAction - End of configuration.
11:44:45,292 |-INFO in ch.qos.logback.classic.joran.JoranConfigurator@2473b9ce - Registering current configuration as safe fallback point
2022-03-22 11:44:45 [main] DEBUG org.apache.ibatis.logging.LogFactory -Logging initialized using &apos;class org.apache.ibatis.logging.slf4j.Slf4jImpl&apos; adapter.
2022-03-22 11:44:45 [main] DEBUG org.apache.ibatis.io.VFS -Class not found: org.jboss.vfs.VFS
2022-03-22 11:44:45 [main] DEBUG org.apache.ibatis.io.JBoss6VFS -JBoss 6 VFS API is not available in this environment.
2022-03-22 11:44:45 [main] DEBUG org.apache.ibatis.io.VFS -Class not found: org.jboss.vfs.VirtualFile
2022-03-22 11:44:45 [main] DEBUG org.apache.ibatis.io.VFS -VFS implementation org.apache.ibatis.io.JBoss6VFS is not valid in this environment.
2022-03-22 11:44:45 [main] DEBUG org.apache.ibatis.io.VFS -Using VFS adapter org.apache.ibatis.io.DefaultVFS
2022-03-22 11:44:45 [main] DEBUG org.apache.ibatis.io.DefaultVFS -Find JAR URL: file:/D:/IntelliJ%20IDEA%202021.3.2/workspace/Mybatis_MBG/target/classes/com/jing/mybatis/pojo
2022-03-22 11:44:45 [main] DEBUG org.apache.ibatis.io.DefaultVFS -Not a JAR: file:/D:/IntelliJ%20IDEA%202021.3.2/workspace/Mybatis_MBG/target/classes/com/jing/mybatis/pojo
2022-03-22 11:44:45 [main] DEBUG org.apache.ibatis.io.DefaultVFS -Reader entry: Dept.class
2022-03-22 11:44:45 [main] DEBUG org.apache.ibatis.io.DefaultVFS -Reader entry: DeptExample.class
2022-03-22 11:44:45 [main] DEBUG org.apache.ibatis.io.DefaultVFS -Reader entry: DeptExample$Criteria.class
2022-03-22 11:44:45 [main] DEBUG org.apache.ibatis.io.DefaultVFS -Reader entry: DeptExample$Criterion.class
2022-03-22 11:44:45 [main] DEBUG org.apache.ibatis.io.DefaultVFS -Reader entry: DeptExample$GeneratedCriteria.class
2022-03-22 11:44:45 [main] DEBUG org.apache.ibatis.io.DefaultVFS -Reader entry: Emp.class
2022-03-22 11:44:45 [main] DEBUG org.apache.ibatis.io.DefaultVFS -Reader entry: EmpExample.class
2022-03-22 11:44:45 [main] DEBUG org.apache.ibatis.io.DefaultVFS -Reader entry: EmpExample$Criteria.class
2022-03-22 11:44:45 [main] DEBUG org.apache.ibatis.io.DefaultVFS -Reader entry: EmpExample$Criterion.class
2022-03-22 11:44:45 [main] DEBUG org.apache.ibatis.io.DefaultVFS -Reader entry: EmpExample$GeneratedCriteria.class
2022-03-22 11:44:45 [main] DEBUG org.apache.ibatis.io.DefaultVFS -Listing file:/D:/IntelliJ%20IDEA%202021.3.2/workspace/Mybatis_MBG/target/classes/com/jing/mybatis/pojo
2022-03-22 11:44:45 [main] DEBUG org.apache.ibatis.io.DefaultVFS -Find JAR URL: file:/D:/IntelliJ%20IDEA%202021.3.2/workspace/Mybatis_MBG/target/classes/com/jing/mybatis/pojo/Dept.class
2022-03-22 11:44:45 [main] DEBUG org.apache.ibatis.io.DefaultVFS -Not a JAR: file:/D:/IntelliJ%20IDEA%202021.3.2/workspace/Mybatis_MBG/target/classes/com/jing/mybatis/pojo/Dept.class
2022-03-22 11:44:45 [main] DEBUG org.apache.ibatis.io.DefaultVFS -Reader entry: ����&amp;#0;&amp;#0;&amp;#0;3&amp;#0;(
2022-03-22 11:44:45 [main] DEBUG org.apache.ibatis.io.DefaultVFS -Find JAR URL: file:/D:/IntelliJ%20IDEA%202021.3.2/workspace/Mybatis_MBG/target/classes/com/jing/mybatis/pojo/DeptExample.class
2022-03-22 11:44:45 [main] DEBUG org.apache.ibatis.io.DefaultVFS -Not a JAR: file:/D:/IntelliJ%20IDEA%202021.3.2/workspace/Mybatis_MBG/target/classes/com/jing/mybatis/pojo/DeptExample.class
2022-03-22 11:44:45 [main] DEBUG org.apache.ibatis.io.DefaultVFS -Reader entry: ����&amp;#0;&amp;#0;&amp;#0;3&amp;#0;O
2022-03-22 11:44:45 [main] DEBUG org.apache.ibatis.io.DefaultVFS -Find JAR URL: file:/D:/IntelliJ%20IDEA%202021.3.2/workspace/Mybatis_MBG/target/classes/com/jing/mybatis/pojo/DeptExample$Criteria.class
2022-03-22 11:44:45 [main] DEBUG org.apache.ibatis.io.DefaultVFS -Not a JAR: file:/D:/IntelliJ%20IDEA%202021.3.2/workspace/Mybatis_MBG/target/classes/com/jing/mybatis/pojo/DeptExample$Criteria.class
2022-03-22 11:44:45 [main] DEBUG org.apache.ibatis.io.DefaultVFS -Reader entry: ����&amp;#0;&amp;#0;&amp;#0;3&amp;#0;t
2022-03-22 11:44:45 [main] DEBUG org.apache.ibatis.io.DefaultVFS -Find JAR URL: file:/D:/IntelliJ%20IDEA%202021.3.2/workspace/Mybatis_MBG/target/classes/com/jing/mybatis/pojo/DeptExample$Criterion.class
2022-03-22 11:44:45 [main] DEBUG org.apache.ibatis.io.DefaultVFS -Not a JAR: file:/D:/IntelliJ%20IDEA%202021.3.2/workspace/Mybatis_MBG/target/classes/com/jing/mybatis/pojo/DeptExample$Criterion.class
2022-03-22 11:44:45 [main] DEBUG org.apache.ibatis.io.DefaultVFS -Reader entry: ����&amp;#0;&amp;#0;&amp;#0;3&amp;#0;J	&amp;#0;
2022-03-22 11:44:45 [main] DEBUG org.apache.ibatis.io.DefaultVFS -Find JAR URL: file:/D:/IntelliJ%20IDEA%202021.3.2/workspace/Mybatis_MBG/target/classes/com/jing/mybatis/pojo/DeptExample$GeneratedCriteria.class
2022-03-22 11:44:45 [main] DEBUG org.apache.ibatis.io.DefaultVFS -Not a JAR: file:/D:/IntelliJ%20IDEA%202021.3.2/workspace/Mybatis_MBG/target/classes/com/jing/mybatis/pojo/DeptExample$GeneratedCriteria.class
2022-03-22 11:44:45 [main] DEBUG org.apache.ibatis.io.DefaultVFS -Reader entry: ����&amp;#0;&amp;#0;&amp;#0;3&amp;#0;?
2022-03-22 11:44:45 [main] DEBUG org.apache.ibatis.io.DefaultVFS -Find JAR URL: file:/D:/IntelliJ%20IDEA%202021.3.2/workspace/Mybatis_MBG/target/classes/com/jing/mybatis/pojo/Emp.class
2022-03-22 11:44:45 [main] DEBUG org.apache.ibatis.io.DefaultVFS -Not a JAR: file:/D:/IntelliJ%20IDEA%202021.3.2/workspace/Mybatis_MBG/target/classes/com/jing/mybatis/pojo/Emp.class
2022-03-22 11:44:45 [main] DEBUG org.apache.ibatis.io.DefaultVFS -Reader entry: ����&amp;#0;&amp;#0;&amp;#0;3&amp;#0;&lt;
2022-03-22 11:44:45 [main] DEBUG org.apache.ibatis.io.DefaultVFS -Find JAR URL: file:/D:/IntelliJ%20IDEA%202021.3.2/workspace/Mybatis_MBG/target/classes/com/jing/mybatis/pojo/EmpExample.class
2022-03-22 11:44:45 [main] DEBUG org.apache.ibatis.io.DefaultVFS -Not a JAR: file:/D:/IntelliJ%20IDEA%202021.3.2/workspace/Mybatis_MBG/target/classes/com/jing/mybatis/pojo/EmpExample.class
2022-03-22 11:44:45 [main] DEBUG org.apache.ibatis.io.DefaultVFS -Reader entry: ����&amp;#0;&amp;#0;&amp;#0;3&amp;#0;O
2022-03-22 11:44:45 [main] DEBUG org.apache.ibatis.io.DefaultVFS -Find JAR URL: file:/D:/IntelliJ%20IDEA%202021.3.2/workspace/Mybatis_MBG/target/classes/com/jing/mybatis/pojo/EmpExample$Criteria.class
2022-03-22 11:44:45 [main] DEBUG org.apache.ibatis.io.DefaultVFS -Not a JAR: file:/D:/IntelliJ%20IDEA%202021.3.2/workspace/Mybatis_MBG/target/classes/com/jing/mybatis/pojo/EmpExample$Criteria.class
2022-03-22 11:44:45 [main] DEBUG org.apache.ibatis.io.DefaultVFS -Reader entry: ����&amp;#0;&amp;#0;&amp;#0;3&amp;#1;&amp;#16;
2022-03-22 11:44:45 [main] DEBUG org.apache.ibatis.io.DefaultVFS -Find JAR URL: file:/D:/IntelliJ%20IDEA%202021.3.2/workspace/Mybatis_MBG/target/classes/com/jing/mybatis/pojo/EmpExample$Criterion.class
2022-03-22 11:44:45 [main] DEBUG org.apache.ibatis.io.DefaultVFS -Not a JAR: file:/D:/IntelliJ%20IDEA%202021.3.2/workspace/Mybatis_MBG/target/classes/com/jing/mybatis/pojo/EmpExample$Criterion.class
2022-03-22 11:44:45 [main] DEBUG org.apache.ibatis.io.DefaultVFS -Reader entry: ����&amp;#0;&amp;#0;&amp;#0;3&amp;#0;J	&amp;#0;
2022-03-22 11:44:45 [main] DEBUG org.apache.ibatis.io.DefaultVFS -Find JAR URL: file:/D:/IntelliJ%20IDEA%202021.3.2/workspace/Mybatis_MBG/target/classes/com/jing/mybatis/pojo/EmpExample$GeneratedCriteria.class
2022-03-22 11:44:45 [main] DEBUG org.apache.ibatis.io.DefaultVFS -Not a JAR: file:/D:/IntelliJ%20IDEA%202021.3.2/workspace/Mybatis_MBG/target/classes/com/jing/mybatis/pojo/EmpExample$GeneratedCriteria.class
2022-03-22 11:44:45 [main] DEBUG org.apache.ibatis.io.DefaultVFS -Reader entry: ����&amp;#0;&amp;#0;&amp;#0;3&amp;#1;f
2022-03-22 11:44:45 [main] DEBUG org.apache.ibatis.io.ResolverUtil -Checking to see if class com.jing.mybatis.pojo.Dept matches criteria [is assignable to Object]
2022-03-22 11:44:45 [main] DEBUG org.apache.ibatis.io.ResolverUtil -Checking to see if class com.jing.mybatis.pojo.DeptExample matches criteria [is assignable to Object]
2022-03-22 11:44:45 [main] DEBUG org.apache.ibatis.io.ResolverUtil -Checking to see if class com.jing.mybatis.pojo.DeptExample$Criteria matches criteria [is assignable to Object]
2022-03-22 11:44:45 [main] DEBUG org.apache.ibatis.io.ResolverUtil -Checking to see if class com.jing.mybatis.pojo.DeptExample$Criterion matches criteria [is assignable to Object]
2022-03-22 11:44:45 [main] DEBUG org.apache.ibatis.io.ResolverUtil -Checking to see if class com.jing.mybatis.pojo.DeptExample$GeneratedCriteria matches criteria [is assignable to Object]
2022-03-22 11:44:45 [main] DEBUG org.apache.ibatis.io.ResolverUtil -Checking to see if class com.jing.mybatis.pojo.Emp matches criteria [is assignable to Object]
2022-03-22 11:44:45 [main] DEBUG org.apache.ibatis.io.ResolverUtil -Checking to see if class com.jing.mybatis.pojo.EmpExample matches criteria [is assignable to Object]
2022-03-22 11:44:45 [main] DEBUG org.apache.ibatis.io.ResolverUtil -Checking to see if class com.jing.mybatis.pojo.EmpExample$Criteria matches criteria [is assignable to Object]
2022-03-22 11:44:45 [main] DEBUG org.apache.ibatis.io.ResolverUtil -Checking to see if class com.jing.mybatis.pojo.EmpExample$Criterion matches criteria [is assignable to Object]
2022-03-22 11:44:45 [main] DEBUG org.apache.ibatis.io.ResolverUtil -Checking to see if class com.jing.mybatis.pojo.EmpExample$GeneratedCriteria matches criteria [is assignable to Object]
2022-03-22 11:44:45 [main] DEBUG org.apache.ibatis.datasource.pooled.PooledDataSource -PooledDataSource forcefully closed/removed all connections.
2022-03-22 11:44:45 [main] DEBUG org.apache.ibatis.datasource.pooled.PooledDataSource -PooledDataSource forcefully closed/removed all connections.
2022-03-22 11:44:45 [main] DEBUG org.apache.ibatis.datasource.pooled.PooledDataSource -PooledDataSource forcefully closed/removed all connections.
2022-03-22 11:44:45 [main] DEBUG org.apache.ibatis.datasource.pooled.PooledDataSource -PooledDataSource forcefully closed/removed all connections.
</system-out>
  </testcase>
</testsuite>